asdf RUN! 2022-04-26 15:00:18.26 
asdf RUN! 2022-04-26 15:01:39.24 
asdf RUN! 2022-04-26 15:02:10.69 
asdf RUN! 2022-04-26 15:02:55.53 
asdf RUN! 2022-04-26 15:04:38.86 
%1 RUN! 2022-04-26 15:04:56.75 
asdf RUN! 2022-04-26 15:09:18.45 
asdf RUN! 2022-04-26 15:10:14.00 
asdf RUN! 2022-04-26 15:10:43.48 
asdf RUN! 2022-04-26 15:11:04.86 
asdf RUN! 2022-04-26 15:11:13.31 
asdf RUN! 2022-04-26 15:11:32.78 
asdf RUN! 2022-04-26 15:11:57.17 
asdf RUN! 2022-04-26 15:12:32.45 
asdf RUN! 2022-04-26 15:13:17.42 
asdf RUN! 2022-04-26 15:13:36.22 
asdf RUN! 2022-04-26 15:13:46.65 
asdf RUN! 2022-04-26 15:16:15.34  
asdf RUN! 2022-04-26 15:16:23.23  
asdf RUN! 2022-04-26 15:16:37.52 
asdf RUN! 2022-04-26 16:45:04.40 
asdf RUN! 2022-04-26 16:45:15.85 
 RUN! 2022-04-26 18:32:22.74 
 RUN! 2022-04-26 18:32:55.12 
 RUN! 2022-04-26 18:48:26.87 
 RUN! 2022-04-26 18:50:16.03 
 RUN! 2022-04-26 18:51:18.63 
 RUN! 2022-04-26 18:52:17.88 
xcopy /s /e 123.1234.128 C:\dev\temp_log\123.1234.128 
robocopy /s /e 123.1234.129 C:\dev\temp_log\123.1234.129 
robocopy /s /e C:\dev\temp_filewatch\123.1234.121 C:\dev\temp_log\C:\dev\temp_filewatch\123.1234.121 
robocopy /s /e 123.1234.133 C:\dev\temp_log\123.1234.133 
robocopy /s /e 123.1234.151 C:\dev\temp_log\123.1234.151 
